Change Component Designator: OldDesignator=D? NewDesignator=D1
Change Component Designator: OldDesignator=elco_kecil NewDesignator=CS
Change Component Designator: OldDesignator=IC? NewDesignator=LM741
Change Component Designator: OldDesignator=R? NewDesignator=R1
Added Component: Designator=CP(elco_kecil)
Add component (AddParameter): Name = "Availability"; Value = "In Stock"; VariantName = "[No Variations]"
Add component (AddParameter): Name = "Check_prices"; Value = "https://www.snapeda.com/parts/EEA-GA1E100/Panasonic/view-part/2301584/?ref=eda"; VariantName = "[No Variations]"
Add component (AddParameter): Name = "MF"; Value = "Panasonic"; VariantName = "[No Variations]"
Add component (AddParameter): Name = "MP"; Value = "EEA-GA1E100"; VariantName = "[No Variations]"
Add component (AddParameter): Name = "Package"; Value = "RADIAL-2 Panasonic"; VariantName = "[No Variations]"
Add component (AddParameter): Name = "Price"; Value = "None"; VariantName = "[No Variations]"
Add component (AddParameter): Name = "SnapEDA_Link"; Value = "https://www.snapeda.com/parts/EEA-GA1E100/Panasonic/view-part/2301584/?ref=snap"; VariantName = "[No Variations]"
Add component (AddParameter): Name = "Value"; Value = ""; VariantName = "[No Variations]"
Added Component: Designator=D2(DIOAD1405W86L465D235)
Add component (AddParameter): Name = "Arrow Part Number"; Value = "1N4007-E3/73"; VariantName = "[No Variations]"
Add component (AddParameter): Name = "Arrow Price/Stock"; Value = "https://www.arrow.com/en/products/1n4007-e373/vishay?region=europe"; VariantName = "[No Variations]"
Add component (AddParameter): Name = "Datasheet Link"; Value = "https://mouser.componentsearchengine.com/Datasheets/2/1N4007-E3_73.pdf"; VariantName = "[No Variations]"
Add component (AddParameter): Name = "Manufacturer_Name"; Value = "Vishay"; VariantName = "[No Variations]"
Add component (AddParameter): Name = "Manufacturer_Part_Number"; Value = "1N4007-E3/73"; VariantName = "[No Variations]"
Add component (AddParameter): Name = "Mouser Part Number"; Value = "625-1N4007-E3/73"; VariantName = "[No Variations]"
Add component (AddParameter): Name = "Mouser Price/Stock"; Value = "https://www.mouser.co.uk/ProductDetail/Vishay-General-Semiconductor/1N4007-E3-73?qs=N4vtoAxH%2FSqT3Ng3e4K0Gw%3D%3D"; VariantName = "[No Variations]"
Add component (AddParameter): Name = "Mouser Testing Part Number"; Value = ""; VariantName = "[No Variations]"
Add component (AddParameter): Name = "Mouser Testing Price/Stock"; Value = ""; VariantName = "[No Variations]"
Added Component: Designator=R2(Resistor 0.25W)
Added Component: Designator=R3(Resistor 0.25W)
Added Component: Designator=R4(Resistor 0.25W)
Added Component: Designator=RF(Resistor 0.25W)
Added Component: Designator=RI(Resistor 0.25W)
Added Component: Designator=RP(Resistor 0.25W)
Added Component: Designator=RS(Resistor 0.25W)
Added Pin To Net: NetName=FB Pin=D1-2
Added Pin To Net: NetName=FB Pin=D2-1
Added Pin To Net: NetName=FB Pin=LM741-2
Added Pin To Net: NetName=FB Pin=RF-1
Added Pin To Net: NetName=FB Pin=RI-2
Added Net: Name=FB
Added Pin To Net: NetName=GND Pin=CP-N
Added Pin To Net: NetName=GND Pin=RI-1
Added Pin To Net: NetName=GND Pin=RP-1
Added Net: Name=GND
Added Pin To Net: NetName=NetCS_N Pin=CS-N
Added Pin To Net: NetName=NetCS_N Pin=RS-2
Added Net: Name=NetCS_N
Added Pin To Net: NetName=NetD1_1 Pin=D1-1
Added Pin To Net: NetName=NetD1_1 Pin=R1-1
Added Pin To Net: NetName=NetD1_1 Pin=R2-2
Added Net: Name=NetD1_1
Added Pin To Net: NetName=NetD2_2 Pin=D2-2
Added Pin To Net: NetName=NetD2_2 Pin=R3-1
Added Pin To Net: NetName=NetD2_2 Pin=R4-2
Added Net: Name=NetD2_2
Added Pin To Net: NetName=noninv Pin=CP-P
Added Pin To Net: NetName=noninv Pin=LM741-3
Added Pin To Net: NetName=noninv Pin=RP-2
Added Pin To Net: NetName=noninv Pin=RS-1
Added Net: Name=noninv
Added Pin To Net: NetName=OUT Pin=CS-P
Added Pin To Net: NetName=OUT Pin=LM741-6
Added Pin To Net: NetName=OUT Pin=R2-1
Added Pin To Net: NetName=OUT Pin=R3-2
Added Pin To Net: NetName=OUT Pin=RF-2
Added Net: Name=OUT
Added Pin To Net: NetName=VCC Pin=LM741-7
Added Pin To Net: NetName=VCC Pin=R1-2
Added Net: Name=VCC
Added Pin To Net: NetName=VEE Pin=LM741-4
Added Pin To Net: NetName=VEE Pin=R4-1
Added Net: Name=VEE
Added Member To Class: ClassName=elka2_tubes Member=Component CP elco_kecil
Added Member To Class: ClassName=elka2_tubes Member=Component D1 1N4007-E3_73
Added Member To Class: ClassName=elka2_tubes Member=Component D2 1N4007-E3_73
Added Member To Class: ClassName=elka2_tubes Member=Component elco_kecil
Added Member To Class: ClassName=elka2_tubes Member=Component R2 Resistor 0.25W
Added Member To Class: ClassName=elka2_tubes Member=Component R3 Resistor 0.25W
Added Member To Class: ClassName=elka2_tubes Member=Component R4 Resistor 0.25W
Added Member To Class: ClassName=elka2_tubes Member=Component RF Resistor 0.25W
Added Member To Class: ClassName=elka2_tubes Member=Component RI Resistor 0.25W
Added Member To Class: ClassName=elka2_tubes Member=Component RP Resistor 0.25W
Added Member To Class: ClassName=elka2_tubes Member=Component RS Resistor 0.25W
